# JRE version: Java(TM) SE Runtime Environment (17.0.6+9) (build 17.0.6+9-LTS-190)
# Java VM: Java HotSpot(TM) 64-Bit Server VM (17.0.6+9-LTS-190, mixed mode, sharing, tiered, compressed oops, compressed class ptrs, g1 gc, windows-amd64)
GC Precious Log:
 CPUs: 16 total, 16 available
 Memory: 16010M
 Large Page Support: Disabled
 NUMA Support: Disabled
 Compressed Oops: Enabled (32-bit)
 Heap Region Size: 1M
 Heap Min Capacity: 8M
 Heap Initial Capacity: 252M
 Heap Max Capacity: 2G
 Pre-touch: Disabled
 Parallel Workers: 13
 Concurrent Workers: 3
 Concurrent Refinement Workers: 13
 Periodic GC: Disabled
Heap:
 garbage-first heap   total 265216K, used 136166K [0x0000000080000000, 0x0000000100000000)
  region size 1024K, 2 young (2048K), 2 survivors (2048K)
 Metaspace       used 110690K, committed 111424K, reserved 1146880K
  class space    used 14273K, committed 14592K, reserved 1048576K
GC Heap History (20 events):
Event: 9.626 GC heap after
{Heap after GC invocations=26 (full 0):
 garbage-first heap   total 221184K, used 69889K [0x0000000080000000, 0x0000000100000000)
  region size 1024K, 1 young (1024K), 1 survivors (1024K)
 Metaspace       used 83740K, committed 84352K, reserved 1122304K
  class space    used 11488K, committed 11776K, reserved 1048576K
}
Event: 11.247 GC heap before
{Heap before GC invocations=26 (full 0):
 garbage-first heap   total 221184K, used 168193K [0x0000000080000000, 0x0000000100000000)
  region size 1024K, 97 young (99328K), 1 survivors (1024K)
 Metaspace       used 92183K, committed 92864K, reserved 1130496K
  class space    used 12380K, committed 12736K, reserved 1048576K
}
Event: 11.255 GC heap after
{Heap after GC invocations=27 (full 0):
 garbage-first heap   total 221184K, used 75961K [0x0000000080000000, 0x0000000100000000)
  region size 1024K, 7 young (7168K), 7 survivors (7168K)
 Metaspace       used 92183K, committed 92864K, reserved 1130496K
  class space    used 12380K, committed 12736K, reserved 1048576K
}
Event: 13.328 GC heap before
{Heap before GC invocations=27 (full 0):
 garbage-first heap   total 221184K, used 170169K [0x0000000080000000, 0x0000000100000000)
  region size 1024K, 100 young (102400K), 7 survivors (7168K)
 Metaspace       used 105917K, committed 106624K, reserved 1146880K
  class space    used 13835K, committed 14144K, reserved 1048576K
}
Event: 13.338 GC heap after
{Heap after GC invocations=28 (full 0):
 garbage-first heap   total 221184K, used 79041K [0x0000000080000000, 0x0000000100000000)
  region size 1024K, 10 young (10240K), 10 survivors (10240K)
 Metaspace       used 105917K, committed 106624K, reserved 1146880K
  class space    used 13835K, committed 14144K, reserved 1048576K
}
Event: 15.120 GC heap before
{Heap before GC invocations=28 (full 0):
 garbage-first heap   total 221184K, used 173249K [0x0000000080000000, 0x0000000100000000)
  region size 1024K, 103 young (105472K), 10 survivors (10240K)
 Metaspace       used 108660K, committed 109376K, reserved 1146880K
  class space    used 14136K, committed 14464K, reserved 1048576K
}
Event: 15.131 GC heap after
{Heap after GC invocations=29 (full 0):
 garbage-first heap   total 221184K, used 87427K [0x0000000080000000, 0x0000000100000000)
  region size 1024K, 12 young (12288K), 12 survivors (12288K)
 Metaspace       used 108660K, committed 109376K, reserved 1146880K
  class space    used 14136K, committed 14464K, reserved 1048576K
}
Event: 16.369 GC heap before
{Heap before GC invocations=29 (full 0):
 garbage-first heap   total 221184K, used 185731K [0x0000000080000000, 0x0000000100000000)
  region size 1024K, 98 young (100352K), 12 survivors (12288K)
 Metaspace       used 109066K, committed 109696K, reserved 1146880K
  class space    used 14187K, committed 14464K, reserved 1048576K
}
Event: 16.378 GC heap after
{Heap after GC invocations=30 (full 0):
 garbage-first heap   total 221184K, used 90616K [0x0000000080000000, 0x0000000100000000)
  region size 1024K, 5 young (5120K), 5 survivors (5120K)
 Metaspace       used 109066K, committed 109696K, reserved 1146880K
  class space    used 14187K, committed 14464K, reserved 1048576K
}
Event: 16.942 GC heap before
{Heap before GC invocations=30 (full 0):
 garbage-first heap   total 221184K, used 172536K [0x0000000080000000, 0x0000000100000000)
  region size 1024K, 73 young (74752K), 5 survivors (5120K)
 Metaspace       used 109143K, committed 109760K, reserved 1146880K
  class space    used 14187K, committed 14464K, reserved 1048576K
}
Event: 16.957 GC heap after
{Heap after GC invocations=31 (full 0):
 garbage-first heap   total 221184K, used 112168K [0x0000000080000000, 0x0000000100000000)
  region size 1024K, 12 young (12288K), 12 survivors (12288K)
 Metaspace       used 109143K, committed 109760K, reserved 1146880K
  class space    used 14187K, committed 14464K, reserved 1048576K
}
Event: 17.552 GC heap before
{Heap before GC invocations=32 (full 0):
 garbage-first heap   total 221184K, used 177704K [0x0000000080000000, 0x0000000100000000)
  region size 1024K, 71 young (72704K), 12 survivors (12288K)
 Metaspace       used 109325K, committed 110016K, reserved 1146880K
  class space    used 14200K, committed 14528K, reserved 1048576K
}
Event: 17.562 GC heap after
{Heap after GC invocations=33 (full 0):
 garbage-first heap   total 221184K, used 123886K [0x0000000080000000, 0x0000000100000000)
  region size 1024K, 9 young (9216K), 9 survivors (9216K)
 Metaspace       used 109325K, committed 110016K, reserved 1146880K
  class space    used 14200K, committed 14528K, reserved 1048576K
}
Event: 17.564 GC heap before
{Heap before GC invocations=33 (full 0):
 garbage-first heap   total 221184K, used 124910K [0x0000000080000000, 0x0000000100000000)
  region size 1024K, 10 young (10240K), 9 survivors (9216K)
 Metaspace       used 109328K, committed 110016K, reserved 1146880K
  class space    used 14200K, committed 14528K, reserved 1048576K
}
Event: 17.568 GC heap after
{Heap after GC invocations=34 (full 0):
 garbage-first heap   total 221184K, used 120600K [0x0000000080000000, 0x0000000100000000)
  region size 1024K, 1 young (1024K), 1 survivors (1024K)
 Metaspace       used 109328K, committed 110016K, reserved 1146880K
  class space    used 14200K, committed 14528K, reserved 1048576K
}
Event: 19.231 GC heap before
{Heap before GC invocations=34 (full 0):
 garbage-first heap   total 221184K, used 179992K [0x0000000080000000, 0x0000000100000000)
  region size 1024K, 55 young (56320K), 1 survivors (1024K)
 Metaspace       used 110585K, committed 111296K, reserved 1146880K
  class space    used 14272K, committed 14592K, reserved 1048576K
}
Event: 19.239 GC heap after
{Heap after GC invocations=35 (full 0):
 garbage-first heap   total 221184K, used 131469K [0x0000000080000000, 0x0000000100000000)
  region size 1024K, 7 young (7168K), 7 survivors (7168K)
 Metaspace       used 110585K, committed 111296K, reserved 1146880K
  class space    used 14272K, committed 14592K, reserved 1048576K
}
Event: 19.581 GC heap before
{Heap before GC invocations=36 (full 0):
 garbage-first heap   total 229376K, used 178573K [0x0000000080000000, 0x0000000100000000)
  region size 1024K, 52 young (53248K), 7 survivors (7168K)
 Metaspace       used 110690K, committed 111424K, reserved 1146880K
  class space    used 14273K, committed 14592K, reserved 1048576K
}
Event: 19.587 GC heap after
{Heap after GC invocations=37 (full 0):
 garbage-first heap   total 229376K, used 137431K [0x0000000080000000, 0x0000000100000000)
  region size 1024K, 6 young (6144K), 6 survivors (6144K)
 Metaspace       used 110690K, committed 111424K, reserved 1146880K
  class space    used 14273K, committed 14592K, reserved 1048576K
}
Event: 19.610 GC heap before
{Heap before GC invocations=37 (full 0):
 garbage-first heap   total 229376K, used 142551K [0x0000000080000000, 0x0000000100000000)
  region size 1024K, 11 young (11264K), 6 survivors (6144K)
 Metaspace       used 110690K, committed 111424K, reserved 1146880K
  class space    used 14273K, committed 14592K, reserved 1048576K
}

